[  307944ms] [ERROR] ./src/components/tasks/task-item.tsx:281:1
Parsing ecmascript source code failed
  279 |     </div>
  280 |   )
> 281 | }
      | ^
  282 |

Unexpected token. Did you mean `{'}'}` or `&rbrace;`?

Import traces:
  Client Component Browser:
    ./src/components/tasks/task-item.tsx [Client Component Browser]
    ./src/components/tasks/task-list.tsx [Client Component Browser]
    ./src/app/page.tsx [Client Component Browser]
    ./src/app/page.tsx [Server Component]

  Client Component SSR:
    ./src/components/tasks/task-item.tsx [Client Component SSR]
    ./src/components/tasks/task-list.tsx [Client Component SSR]
    ./src/app/page.tsx [Client Component SSR]
    ./src/app/page.tsx [Server Component] @ http://localhost:3000/_next/static/chunks/node_modules_next_dist_f3530cac._.js:3127
[  308011ms] [ERROR] ./src/components/tasks/task-item.tsx:281:1
Parsing ecmascript source code failed
  279 |     </div>
  280 |   )
> 281 | }
      | ^
  282 |

Unexpected token. Did you mean `{'}'}` or `&rbrace;`?

Import traces:
  Client Component Browser:
    ./src/components/tasks/task-item.tsx [Client Component Browser]
    ./src/components/tasks/task-list.tsx [Client Component Browser]
    ./src/app/page.tsx [Client Component Browser]
    ./src/app/page.tsx [Server Component]

  Client Component SSR:
    ./src/components/tasks/task-item.tsx [Client Component SSR]
    ./src/components/tasks/task-list.tsx [Client Component SSR]
    ./src/app/page.tsx [Client Component SSR]
    ./src/app/page.tsx [Server Component] @ http://localhost:3000/_next/static/chunks/node_modules_next_dist_f3530cac._.js:3127
